<?xml version="1.0" encoding="UTF-8"?>
<!-- Generated by org.testng.reporters.JUnitReportReporter -->
<testsuite hostname="DESKTOP-LFVEGP4" failures="0" tests="4" name="runner.T005HooksImplementation" time="64.356" errors="0" timestamp="2023-06-15T18:36:43 GMT-04:00" skipped="0">
  <testcase classname="runner.T005HooksImplementation" name="runScenario" time="18.503"/>
  <system-out/>
  <testcase classname="runner.T005HooksImplementation" name="runScenario" time="6.348"/>
  <system-out/>
  <testcase classname="runner.T005HooksImplementation" name="runScenario" time="21.849"/>
  <system-out/>
  <testcase classname="runner.T005HooksImplementation" name="runScenario" time="17.656"/>
  <system-out/>
</testsuite> <!-- runner.T005HooksImplementation -->
