<?xml version="1.0" encoding="UTF-8"?>
<!-- Generated by org.testng.reporters.JUnitReportReporter -->
<testsuite hostname="DESKTOP-LFVEGP4" failures="0" tests="2" name="runner.T004CucumberRunner3CreateLeadWithOutLineExamample" time="60.561" errors="0" timestamp="2023-06-15T04:05:22 GMT-04:00" skipped="0">
  <testcase classname="runner.T004CucumberRunner3CreateLeadWithOutLineExamample" name="runScenario" time="32.175"/>
  <system-out/>
  <testcase classname="runner.T004CucumberRunner3CreateLeadWithOutLineExamample" name="runScenario" time="28.386"/>
  <system-out/>
</testsuite> <!-- runner.T004CucumberRunner3CreateLeadWithOutLineExamample -->
