<?xml version="1.0" encoding="UTF-8"?>
<!-- Generated by org.testng.reporters.JUnitReportReporter -->
<testsuite skipped="0" hostname="DESKTOP-LFVEGP4" name="week6.day2.inclasspractice.dp.EditLead" tests="1" failures="0" timestamp="2023-06-04T10:09:43 EDT" time="24.202" errors="0">
  <testcase name="runEditLead" time="24.202" classname="week6.day2.inclasspractice.dp.EditLead"/>
  <system-out/>
</testsuite> <!-- week6.day2.inclasspractice.dp.EditLead -->
