<?xml version="1.0" encoding="UTF-8"?>
<!-- Generated by org.testng.reporters.JUnitReportReporter -->
<testsuite hostname="DESKTOP-LFVEGP4" failures="0" tests="4" name="runner.T006TestNGAnnotations" time="96.482" errors="0" timestamp="2023-06-15T19:34:54 GMT-04:00" skipped="0">
  <testcase classname="runner.T006TestNGAnnotations" name="runScenario" time="32.380"/>
  <system-out/>
  <testcase classname="runner.T006TestNGAnnotations" name="runScenario" time="23.000"/>
  <system-out/>
  <testcase classname="runner.T006TestNGAnnotations" name="runScenario" time="14.779"/>
  <system-out/>
  <testcase classname="runner.T006TestNGAnnotations" name="runScenario" time="26.323"/>
  <system-out/>
</testsuite> <!-- runner.T006TestNGAnnotations -->
