<?xml version="1.0" encoding="UTF-8"?>
<!-- Generated by org.testng.reporters.JUnitReportReporter -->
<testsuite skipped="0" hostname="DESKTOP-LFVEGP4" name="week6.day2.inclasspractice.dp.CreateLead" tests="2" failures="0" timestamp="2023-06-04T10:09:43 EDT" time="53.881" errors="0">
  <testcase name="runCreateLead" time="30.333" classname="week6.day2.inclasspractice.dp.CreateLead"/>
  <system-out/>
  <testcase name="runCreateLead" time="23.548" classname="week6.day2.inclasspractice.dp.CreateLead"/>
  <system-out/>
</testsuite> <!-- week6.day2.inclasspractice.dp.CreateLead -->
