<?xml version="1.0" encoding="UTF-8"?>
<!-- Generated by org.testng.reporters.JUnitReportReporter -->
<testsuite hostname="DESKTOP-LFVEGP4" failures="0" tests="2" name="runner.T002CucumberRunner3Background" time="43.447" errors="0" timestamp="2023-06-15T16:49:54 GMT-04:00" skipped="0">
  <testcase classname="runner.T002CucumberRunner3Background" name="runScenario" time="8.203"/>
  <system-out/>
  <testcase classname="runner.T002CucumberRunner3Background" name="runScenario" time="35.244"/>
  <system-out/>
</testsuite> <!-- runner.T002CucumberRunner3Background -->
