<?xml version="1.0" encoding="UTF-8"?>
<!-- Generated by org.testng.reporters.JUnitReportReporter -->
<testsuite hostname="DESKTOP-LFVEGP4" failures="0" tests="2" name="runner.T004CucumberRunnerCreateLeadWithOutLineExamample" time="54.494" errors="0" timestamp="2023-06-15T17:58:42 GMT-04:00" skipped="0">
  <testcase classname="runner.T004CucumberRunnerCreateLeadWithOutLineExamample" name="runScenario" time="20.236"/>
  <system-out/>
  <testcase classname="runner.T004CucumberRunnerCreateLeadWithOutLineExamample" name="runScenario" time="34.258"/>
  <system-out/>
</testsuite> <!-- runner.T004CucumberRunnerCreateLeadWithOutLineExamample -->
