<?xml version="1.0" encoding="UTF-8"?>
<!-- Generated by org.testng.reporters.JUnitReportReporter -->
<testsuite skipped="0" hostname="DESKTOP-LFVEGP4" name="week5.day1.inclasspractice.TestngSample" tests="1" failures="0" timestamp="2023-05-25T07:49:50 EDT" time="35.957" errors="0">
  <testcase name="loginPage" time="35.957" classname="week5.day1.inclasspractice.TestngSample"/>
  <system-out/>
</testsuite> <!-- week5.day1.inclasspractice.TestngSample -->
