<?xml version="1.0" encoding="UTF-8"?>
<!-- Generated by org.testng.reporters.JUnitReportReporter -->
<testsuite hostname="DESKTOP-LFVEGP4" failures="0" tests="2" name="runner.CucumberRunner3Background" time="75.785" errors="0" timestamp="2023-06-13T09:24:11 GMT-04:00" skipped="0">
  <testcase classname="runner.CucumberRunner3Background" name="runScenario" time="56.613"/>
  <system-out/>
  <testcase classname="runner.CucumberRunner3Background" name="runScenario" time="19.172"/>
  <system-out/>
</testsuite> <!-- runner.CucumberRunner3Background -->
