<?xml version="1.0" encoding="UTF-8"?>
<!-- Generated by org.testng.reporters.JUnitReportReporter -->
<testsuite hostname="DESKTOP-LFVEGP4" failures="0" tests="2" name="runner.CucumberRunner2Parameterization" time="34.730" errors="0" timestamp="2023-06-13T00:16:23 GMT-04:00" skipped="0">
  <testcase classname="runner.CucumberRunner2Parameterization" name="runScenario" time="14.557"/>
  <system-out/>
  <testcase classname="runner.CucumberRunner2Parameterization" name="runScenario" time="20.173"/>
  <system-out/>
</testsuite> <!-- runner.CucumberRunner2Parameterization -->
